<?xml version="1.0" encoding="UTF-8"?>
<!-- Generated by org.testng.reporters.JUnitReportReporter -->
<testsuite hostname="suress" failures="0" tests="2" name="arca.tests.BrowserHandlings" time="202.490" errors="0" timestamp="2022-09-08T23:07:09 IST" skipped="0">
  <testcase classname="arca.tests.BrowserHandlings" name="MyFiles_Reminders_Files" time="110.767"/>
  <system-out>
STEP1 STEP2 STEP3 STEP4  </system-out>
  <testcase classname="arca.tests.BrowserHandlings" name="MyFiles_Reminders_Folders" time="91.723"/>
  <system-out>
STEP5 STEP6 STEP7 STEP8 STEP9  </system-out>
</testsuite> <!-- arca.tests.BrowserHandlings -->
