<?xml version="1.0" encoding="UTF-8"?>
<!-- Generated by org.testng.reporters.JUnitReportReporter -->
<testsuite hostname="suress" failures="0" tests="1" name="arca.tests.BrowserHandlings" time="43.913" errors="0" timestamp="2022-08-26T00:07:40 IST" skipped="0">
  <testcase classname="arca.tests.BrowserHandlings" name="MyFiles_Collections_Restriction" time="43.913"/>
  <system-out>
STEP1 STEP2  </system-out>
</testsuite> <!-- arca.tests.BrowserHandlings -->
