<?xml version="1.0" encoding="UTF-8"?>
<!-- Generated by org.testng.reporters.JUnitReportReporter -->
<testsuite hostname="suress" failures="0" tests="1" name="arca.tests.BrowserHandlings" time="297.975" errors="0" timestamp="2022-09-01T00:19:44 IST" skipped="0">
  <testcase classname="arca.tests.BrowserHandlings" name="MyFiles_share_Admin_to_Group_Remove_Files_And_Folders" time="297.975"/>
  <system-out>
STEP1 STEP2 STEP3 STEP4 STEP5  </system-out>
</testsuite> <!-- arca.tests.BrowserHandlings -->
