<?xml version="1.0" encoding="UTF-8"?>
<!-- Generated by org.testng.reporters.JUnitReportReporter -->
<testsuite hostname="suress" failures="0" tests="38" name="arca.tests.BrowserHandlings" time="4268.394" errors="0" timestamp="2022-09-11T13:32:25 IST" skipped="0">
  <testcase classname="arca.tests.BrowserHandlings" name="DragDropMove_multiple_Data" time="55.158"/>
  <system-out>
STEP1 STEP2 STEP3  </system-out>
  <testcase classname="arca.tests.BrowserHandlings" name="dDragDropMove_File" time="36.240"/>
  <system-out>
STEP4  </system-out>
  <testcase classname="arca.tests.BrowserHandlings" name="DragDropMove_Folder" time="34.697"/>
  <system-out>
STEP5  </system-out>
  <testcase classname="arca.tests.BrowserHandlings" name="DragDropMove_multiple_files" time="33.487"/>
  <system-out>
STEP6  </system-out>
  <testcase classname="arca.tests.BrowserHandlings" name="DragDropMove_multiple_folders" time="39.088"/>
  <system-out>
STEP7  </system-out>
  <testcase classname="arca.tests.BrowserHandlings" name="DragandDropCopyVersionUpdateExisting_multiple_files" time="77.597"/>
  <system-out>
STEP8 STEP9  </system-out>
  <testcase classname="arca.tests.BrowserHandlings" name="DragandDropCopyVersionUpdateExisting_multiple_folders" time="120.012"/>
  <system-out/>
  <testcase classname="arca.tests.BrowserHandlings" name="DragandDropCopyVersionUpdateExisting_multiple_files_folders" time="162.708"/>
  <system-out/>
  <testcase classname="arca.tests.BrowserHandlings" name="DragandDropMoveVersionUpdateExisting_Multiple_files" time="73.475"/>
  <system-out>
STEP10 STEP11  </system-out>
  <testcase classname="arca.tests.BrowserHandlings" name="DragandDropMoveVersionUpdateExisting_Multiple_folders" time="120.719"/>
  <system-out>
STEP12  </system-out>
  <testcase classname="arca.tests.BrowserHandlings" name="DragandDropMoveVersionUpdateExisting_Multi_files_folders" time="175.620"/>
  <system-out>
STEP13 STEP14  </system-out>
  <testcase classname="arca.tests.BrowserHandlings" name="DragandDropMoveKeepSeparateVersions_Files" time="34.800"/>
  <system-out>
STEP15 STEP16  </system-out>
  <testcase classname="arca.tests.BrowserHandlings" name="DragandDropMoveKeepSeparateVersions_multiple_Folders" time="32.642"/>
  <system-out>
STEP17  </system-out>
  <testcase classname="arca.tests.BrowserHandlings" name="DragandDropMoveKeepSeparateVersions_multiple_Files_Folders" time="44.417"/>
  <system-out>
STEP18 STEP19  </system-out>
  <testcase classname="arca.tests.BrowserHandlings" name="DragandDropMoveVersions_Skip_Files" time="25.876"/>
  <system-out>
STEP20 STEP21  </system-out>
  <testcase classname="arca.tests.BrowserHandlings" name="DragandDropMoveVersions_Skip_Folders" time="30.535"/>
  <system-out>
STEP22  </system-out>
  <testcase classname="arca.tests.BrowserHandlings" name="MyFiles_Collection" time="34.083"/>
  <system-out>
STEP23 STEP24  </system-out>
  <testcase classname="arca.tests.BrowserHandlings" name="MyFiles_Collections_Restriction" time="45.564"/>
  <system-out>
STEP25 STEP26  </system-out>
  <testcase classname="arca.tests.BrowserHandlings" name="MyFile_Share_User_Admin_Muti_data_Edit_Permission" time="115.563"/>
  <system-out>
STEP27 STEP28 STEP29 STEP30 STEP31  </system-out>
  <testcase classname="arca.tests.BrowserHandlings" name="MyFile_Share_User_Admin_Muti__commenter_permission" time="88.584"/>
  <system-out>
STEP32 STEP33 STEP34 STEP35 STEP36  </system-out>
  <testcase classname="arca.tests.BrowserHandlings" name="MyFile_Share_User_Admin_Muti__View_permission" time="78.875"/>
  <system-out>
STEP37 STEP38 STEP39 STEP40 STEP41  </system-out>
  <testcase classname="arca.tests.BrowserHandlings" name="MyFile_Share_User_Admin_Muti_Preview_Permission" time="67.579"/>
  <system-out>
STEP42 STEP43 STEP44 STEP45 STEP46  </system-out>
  <testcase classname="arca.tests.BrowserHandlings" name="MyFile_Share_User_Admin_Muti_Upload_Permission" time="65.166"/>
  <system-out>
STEP47 STEP48 STEP49 STEP50 STEP51  </system-out>
  <testcase classname="arca.tests.BrowserHandlings" name="MyFile_Share_User_Admin_Remove_Files_Folders" time="164.724"/>
  <system-out>
STEP52 STEP53 STEP54 STEP55  </system-out>
  <testcase classname="arca.tests.BrowserHandlings" name="MyFiles_share_Admin_to_Group_Edit_Permission" time="191.556"/>
  <system-out>
STEP56 STEP57 STEP58 STEP59 STEP60 STEP61 STEP62 STEP63 STEP64  </system-out>
  <testcase classname="arca.tests.BrowserHandlings" name="MyFiles_share_Admin_to_Group_Commenter_Permission" time="161.952"/>
  <system-out>
STEP65 STEP66 STEP67 STEP68 STEP69 STEP70 STEP71 STEP72 STEP73  </system-out>
  <testcase classname="arca.tests.BrowserHandlings" name="MyFiles_share_Admin_to_Group_View_Permission" time="155.024"/>
  <system-out>
STEP74 STEP75 STEP76 STEP77 STEP78 STEP79 STEP80 STEP81 STEP82  </system-out>
  <testcase classname="arca.tests.BrowserHandlings" name="MyFiles_share_Admin_to_Group_Preview_Permission" time="149.614"/>
  <system-out>
STEP83 STEP84 STEP85 STEP86 STEP87 STEP88 STEP89 STEP90 STEP91  </system-out>
  <testcase classname="arca.tests.BrowserHandlings" name="MyFiles_share_Admin_to_Group_Upload_Permission" time="148.369"/>
  <system-out>
STEP92 STEP93 STEP94 STEP95 STEP96 STEP97 STEP98 STEP99 STEP100  </system-out>
  <testcase classname="arca.tests.BrowserHandlings" name="MyFiles_share_Admin_to_Group_Remove_Files_And_Folders" time="293.009"/>
  <system-out>
STEP101 STEP102 STEP103 STEP104 STEP105  </system-out>
  <testcase classname="arca.tests.BrowserHandlings" name="MyFiles_share_User_to_Group_Edit_Permission" time="186.687"/>
  <system-out>
STEP106 STEP107 STEP108 STEP109 STEP110 STEP111 STEP112  </system-out>
  <testcase classname="arca.tests.BrowserHandlings" name="MyFiles_share_User_to_Group_Commenter_Permission" time="154.658"/>
  <system-out>
STEP113 STEP114 STEP115 STEP116 STEP117 STEP118 STEP119  </system-out>
  <testcase classname="arca.tests.BrowserHandlings" name="MyFiles_share_User_to_Group_View_Permission" time="152.944"/>
  <system-out>
STEP120 STEP121 STEP122 STEP123 STEP124 STEP125 STEP126  </system-out>
  <testcase classname="arca.tests.BrowserHandlings" name="MyFiles_share_User_to_Group_Preview_Permission" time="145.622"/>
  <system-out>
STEP127 STEP128 STEP129 STEP130 STEP131 STEP132 STEP133  </system-out>
  <testcase classname="arca.tests.BrowserHandlings" name="MyFiles_share_User_to_Group_Upload_Permission" time="143.193"/>
  <system-out>
STEP134 STEP135 STEP136 STEP137 STEP138 STEP139 STEP140  </system-out>
  <testcase classname="arca.tests.BrowserHandlings" name="MyFiles_share_User_to_Group_Remove_Files_And_Folders" time="433.634"/>
  <system-out>
STEP141 STEP142 STEP143 STEP144 STEP145 STEP146 STEP147 STEP148  </system-out>
  <testcase classname="arca.tests.BrowserHandlings" name="MyFiles_Reminders_Files" time="100.115"/>
  <system-out>
STEP149 STEP150 STEP151 STEP152  </system-out>
  <testcase classname="arca.tests.BrowserHandlings" name="MyFiles_Reminders_Folders" time="94.808"/>
  <system-out>
STEP153 STEP154 STEP155 STEP156 STEP157  </system-out>
</testsuite> <!-- arca.tests.BrowserHandlings -->
