<?xml version="1.0" encoding="UTF-8"?>
<!-- Generated by org.testng.reporters.JUnitReportReporter -->
<testsuite hostname="suress" failures="0" tests="1" name="arca.tests.BrowserHandlings" time="30.266" errors="0" timestamp="2022-11-15T17:29:01 IST" skipped="0">
  <testcase classname="arca.tests.BrowserHandlings" name="Advanced_Search_video_Files" time="30.266"/>
  <system-out>
STEP1  </system-out>
</testsuite> <!-- arca.tests.BrowserHandlings -->
