<?xml version="1.0" encoding="UTF-8"?>
<!-- Generated by org.testng.reporters.JUnitReportReporter -->
<testsuite hostname="suress" failures="0" tests="1" name="arca.tests.BrowserHandlings" time="33.125" errors="0" timestamp="2022-08-25T12:54:31 IST" skipped="0">
  <testcase classname="arca.tests.BrowserHandlings" name="MyFiles_Collection" time="33.125"/>
  <system-out>
STEP1  </system-out>
</testsuite> <!-- arca.tests.BrowserHandlings -->
