<?xml version="1.0" encoding="UTF-8"?>
<!-- Generated by org.testng.reporters.JUnitReportReporter -->
<testsuite hostname="suress" failures="0" tests="1" name="arca.tests.BrowserHandlings" time="87.802" errors="0" timestamp="2022-09-09T23:57:52 IST" skipped="0">
  <testcase classname="arca.tests.BrowserHandlings" name="DragandDropCopyVersionUpdateExisting_multiple_files" time="87.802"/>
  <system-out>
STEP1 STEP2  </system-out>
</testsuite> <!-- arca.tests.BrowserHandlings -->
