<?xml version="1.0" encoding="UTF-8"?>
<!-- Generated by org.testng.reporters.JUnitReportReporter -->
<testsuite hostname="suress" failures="0" tests="1" name="arca.tests.BrowserHandlings" time="199.773" errors="0" timestamp="2022-09-02T17:50:53 IST" skipped="0">
  <testcase classname="arca.tests.BrowserHandlings" name="MyFiles_share_User_to_Group_Edit_Permission" time="199.773"/>
  <system-out>
STEP1 STEP2 STEP3 STEP4 STEP5 STEP6 STEP7  </system-out>
</testsuite> <!-- arca.tests.BrowserHandlings -->
