<?xml version="1.0" encoding="UTF-8"?>
<!-- Generated by org.testng.reporters.JUnitReportReporter -->
<testsuite hostname="suress" failures="0" tests="1" name="arca.tests.BrowserHandlings" time="47.030" errors="0" timestamp="2022-09-26T22:50:06 IST" skipped="0">
  <testcase classname="arca.tests.BrowserHandlings" name="MyFiles_Collections_Page_Remove_Collections" time="47.030"/>
  <system-out>
STEP1  </system-out>
</testsuite> <!-- arca.tests.BrowserHandlings -->
