<?xml version="1.0" encoding="UTF-8"?>
<!-- Generated by org.testng.reporters.JUnitReportReporter -->
<testsuite hostname="suress" failures="0" tests="1" name="arca.tests.BrowserHandlings" time="61.666" errors="0" timestamp="2022-09-14T00:08:20 IST" skipped="0">
  <testcase classname="arca.tests.BrowserHandlings" name="MyFiles_File_Preview" time="61.666"/>
  <system-out>
STEP1  </system-out>
</testsuite> <!-- arca.tests.BrowserHandlings -->
