<?xml version="1.0" encoding="UTF-8"?>
<!-- Generated by org.testng.reporters.JUnitReportReporter -->
<testsuite hostname="suress" failures="0" tests="1" name="arca.tests.BrowserHandlings" time="132.705" errors="0" timestamp="2022-08-31T02:22:46 IST" skipped="0">
  <testcase classname="arca.tests.BrowserHandlings" name="MyFiles_share_Admin_to_Group_Edit_Permission" time="132.705"/>
  <system-out>
STEP1 STEP2 STEP3 STEP4 STEP5 STEP6 STEP7 STEP8  </system-out>
</testsuite> <!-- arca.tests.BrowserHandlings -->
